2018-12-22 15:03:46,960======%(message)s
2018-12-22 15:03:46,968======%(message)s
2018-12-22 15:03:46,969======%(message)s
2018-12-22 15:03:46,970======%(message)s
2018-12-22 15:03:46,971======%(message)s
2018-12-22 15:03:46,972======%(message)s
2018-12-22 15:03:46,972======%(message)s
2018-12-22 15:03:46,972======%(message)s
2018-12-22 15:03:46,972======%(message)s
2018-12-22 15:03:46,973======%(message)s
2018-12-22 15:06:40,055======DEBUG+++++++This is a debug log.
2018-12-22 15:06:40,056======INFO+++++++This is a info log.
2018-12-22 15:06:40,056======WARNING+++++++This is a warning log.
2018-12-22 15:06:40,056======ERROR+++++++This is a error log.
2018-12-22 15:06:40,056======CRITICAL+++++++This is a critical log.
2018-12-22 15:06:40,057======DEBUG+++++++This is a debug log.
2018-12-22 15:06:40,057======INFO+++++++This is a info log.
2018-12-22 15:06:40,058======WARNING+++++++This is a warning log.
2018-12-22 15:06:40,058======ERROR+++++++This is a error log.
2018-12-22 15:06:40,058======CRITICAL+++++++This is a critical log.
